
=== 2025-10-06 13:37:12.473360 : Mulai dim_dokter.py ===
Tidak ada perubahan di dim_dokter.

=== 2025-10-06 13:37:12.650723 : Selesai dim_dokter.py ===

=== 2025-10-06 13:38:16.932660 : Mulai dim_dokter.py ===
Tidak ada perubahan di dim_dokter.

=== 2025-10-06 13:38:17.101021 : Selesai dim_dokter.py ===

=== 2025-10-06 13:41:02.759933 : Mulai dim_dokter.py ===
Tidak ada perubahan di dim_dokter.

=== 2025-10-06 13:41:02.932302 : Selesai dim_dokter.py ===

=== 2025-10-07 05:00:10.082894 : Mulai dim_dokter.py ===
Tidak ada perubahan di dim_dokter.

=== 2025-10-07 05:00:10.261729 : Selesai dim_dokter.py ===

=== 2025-10-08 05:00:08.474220 : Mulai dim_dokter.py ===
Tidak ada perubahan di dim_dokter.

=== 2025-10-08 05:00:08.649913 : Selesai dim_dokter.py ===

=== 2025-10-09 05:00:07.564259 : Mulai dim_dokter.py ===
Tidak ada perubahan di dim_dokter.

=== 2025-10-09 05:00:07.743580 : Selesai dim_dokter.py ===

=== 2025-10-10 05:00:07.616392 : Mulai dim_dokter.py ===
Tidak ada perubahan di dim_dokter.

=== 2025-10-10 05:00:07.798918 : Selesai dim_dokter.py ===

=== 2025-10-11 05:00:07.581892 : Mulai dim_dokter.py ===
Tidak ada perubahan di dim_dokter.

=== 2025-10-11 05:00:07.742609 : Selesai dim_dokter.py ===

=== 2025-10-12 05:00:07.477987 : Mulai dim_dokter.py ===
Tidak ada perubahan di dim_dokter.

=== 2025-10-12 05:00:07.657865 : Selesai dim_dokter.py ===

=== 2025-10-13 05:00:07.742553 : Mulai dim_dokter.py ===
Tidak ada perubahan di dim_dokter.

=== 2025-10-13 05:00:07.910309 : Selesai dim_dokter.py ===

=== 2025-10-14 05:00:07.544005 : Mulai dim_dokter.py ===
Tidak ada perubahan di dim_dokter.

=== 2025-10-14 05:00:07.727932 : Selesai dim_dokter.py ===

=== 2025-10-15 05:00:08.387990 : Mulai dim_dokter.py ===
Tidak ada perubahan di dim_dokter.

=== 2025-10-15 05:00:08.553130 : Selesai dim_dokter.py ===

=== 2025-10-16 05:00:07.753135 : Mulai dim_dokter.py ===
Tidak ada perubahan di dim_dokter.

=== 2025-10-16 05:00:07.942540 : Selesai dim_dokter.py ===

=== 2025-10-17 05:00:07.625745 : Mulai dim_dokter.py ===
Tidak ada perubahan di dim_dokter.

=== 2025-10-17 05:00:07.818766 : Selesai dim_dokter.py ===

=== 2025-10-18 05:00:07.808460 : Mulai dim_dokter.py ===
1 baris berhasil diperbarui di dim_dokter (SCD Type 1):
 - 9250947

=== 2025-10-18 05:00:08.015767 : Selesai dim_dokter.py ===

=== 2025-10-19 05:00:07.592769 : Mulai dim_dokter.py ===
Tidak ada perubahan di dim_dokter.

=== 2025-10-19 05:00:07.749367 : Selesai dim_dokter.py ===

=== 2025-10-20 05:00:07.616941 : Mulai dim_dokter.py ===
Tidak ada perubahan di dim_dokter.

=== 2025-10-20 05:00:07.775981 : Selesai dim_dokter.py ===

=== 2025-10-21 05:00:07.679885 : Mulai dim_dokter.py ===
Tidak ada perubahan di dim_dokter.

=== 2025-10-21 05:00:07.858107 : Selesai dim_dokter.py ===

=== 2025-10-22 05:00:09.282174 : Mulai dim_dokter.py ===
Tidak ada perubahan di dim_dokter.

=== 2025-10-22 05:00:09.788216 : Selesai dim_dokter.py ===

=== 2025-10-23 05:00:07.696693 : Mulai dim_dokter.py ===
Tidak ada perubahan di dim_dokter.

=== 2025-10-23 05:00:07.937744 : Selesai dim_dokter.py ===

=== 2025-10-24 05:00:07.602889 : Mulai dim_dokter.py ===
Tidak ada perubahan di dim_dokter.

=== 2025-10-24 05:00:07.757451 : Selesai dim_dokter.py ===

=== 2025-10-25 05:00:08.037443 : Mulai dim_dokter.py ===
Tidak ada perubahan di dim_dokter.

=== 2025-10-25 05:00:08.207039 : Selesai dim_dokter.py ===

=== 2025-10-26 05:00:08.737300 : Mulai dim_dokter.py ===
Tidak ada perubahan di dim_dokter.

=== 2025-10-26 05:00:08.934945 : Selesai dim_dokter.py ===

=== 2025-10-27 05:00:07.864428 : Mulai dim_dokter.py ===
Tidak ada perubahan di dim_dokter.

=== 2025-10-27 05:00:08.037374 : Selesai dim_dokter.py ===

=== 2025-10-28 05:00:08.092127 : Mulai dim_dokter.py ===
Tidak ada perubahan di dim_dokter.

=== 2025-10-28 05:00:08.289645 : Selesai dim_dokter.py ===

=== 2025-10-29 05:00:08.041837 : Mulai dim_dokter.py ===
Tidak ada perubahan di dim_dokter.

=== 2025-10-29 05:00:08.244174 : Selesai dim_dokter.py ===

=== 2025-10-30 05:00:08.402275 : Mulai dim_dokter.py ===
Tidak ada perubahan di dim_dokter.

=== 2025-10-30 05:00:08.595139 : Selesai dim_dokter.py ===

=== 2025-10-31 05:00:08.079400 : Mulai dim_dokter.py ===
Tidak ada perubahan di dim_dokter.

=== 2025-10-31 05:00:08.237017 : Selesai dim_dokter.py ===

=== 2025-11-01 05:00:08.579829 : Mulai dim_dokter.py ===
Tidak ada perubahan di dim_dokter.

=== 2025-11-01 05:00:08.776764 : Selesai dim_dokter.py ===

=== 2025-11-02 05:00:08.211898 : Mulai dim_dokter.py ===
Tidak ada perubahan di dim_dokter.

=== 2025-11-02 05:00:08.406507 : Selesai dim_dokter.py ===

=== 2025-11-03 05:00:08.150220 : Mulai dim_dokter.py ===
Tidak ada perubahan di dim_dokter.

=== 2025-11-03 05:00:08.344030 : Selesai dim_dokter.py ===

=== 2025-11-04 05:00:08.287240 : Mulai dim_dokter.py ===
Tidak ada perubahan di dim_dokter.

=== 2025-11-04 05:00:08.478918 : Selesai dim_dokter.py ===

=== 2025-11-05 05:00:08.171841 : Mulai dim_dokter.py ===
Tidak ada perubahan di dim_dokter.

=== 2025-11-05 05:00:08.349432 : Selesai dim_dokter.py ===
