
=== 2025-10-06 13:37:12.651114 : Mulai dim_pegawai.py ===
Tidak ada perubahan di dim_pegawai.

=== 2025-10-06 13:37:12.860691 : Selesai dim_pegawai.py ===

=== 2025-10-06 13:38:17.101379 : Mulai dim_pegawai.py ===
Tidak ada perubahan di dim_pegawai.

=== 2025-10-06 13:38:17.334845 : Selesai dim_pegawai.py ===

=== 2025-10-06 13:41:02.932586 : Mulai dim_pegawai.py ===
Tidak ada perubahan di dim_pegawai.

=== 2025-10-06 13:41:03.139755 : Selesai dim_pegawai.py ===

=== 2025-10-07 05:00:10.262117 : Mulai dim_pegawai.py ===
Tidak ada perubahan di dim_pegawai.

=== 2025-10-07 05:00:10.499875 : Selesai dim_pegawai.py ===

=== 2025-10-08 05:00:08.650366 : Mulai dim_pegawai.py ===
Tidak ada perubahan di dim_pegawai.

=== 2025-10-08 05:00:08.905510 : Selesai dim_pegawai.py ===

=== 2025-10-09 05:00:07.744226 : Mulai dim_pegawai.py ===
Tidak ada perubahan di dim_pegawai.

=== 2025-10-09 05:00:07.934329 : Selesai dim_pegawai.py ===

=== 2025-10-10 05:00:07.799594 : Mulai dim_pegawai.py ===
Tidak ada perubahan di dim_pegawai.

=== 2025-10-10 05:00:08.051867 : Selesai dim_pegawai.py ===

=== 2025-10-11 05:00:07.743365 : Mulai dim_pegawai.py ===
Tidak ada perubahan di dim_pegawai.

=== 2025-10-11 05:00:07.947748 : Selesai dim_pegawai.py ===

=== 2025-10-12 05:00:07.658408 : Mulai dim_pegawai.py ===
Tidak ada perubahan di dim_pegawai.

=== 2025-10-12 05:00:07.902163 : Selesai dim_pegawai.py ===

=== 2025-10-13 05:00:07.910938 : Mulai dim_pegawai.py ===
Tidak ada perubahan di dim_pegawai.

=== 2025-10-13 05:00:08.129151 : Selesai dim_pegawai.py ===

=== 2025-10-14 05:00:07.728538 : Mulai dim_pegawai.py ===
Tidak ada perubahan di dim_pegawai.

=== 2025-10-14 05:00:07.921959 : Selesai dim_pegawai.py ===

=== 2025-10-15 05:00:08.553785 : Mulai dim_pegawai.py ===
Tidak ada perubahan di dim_pegawai.

=== 2025-10-15 05:00:08.769025 : Selesai dim_pegawai.py ===

=== 2025-10-16 05:00:07.943298 : Mulai dim_pegawai.py ===
Tidak ada perubahan di dim_pegawai.

=== 2025-10-16 05:00:08.137423 : Selesai dim_pegawai.py ===

=== 2025-10-17 05:00:07.819455 : Mulai dim_pegawai.py ===
Tidak ada perubahan di dim_pegawai.

=== 2025-10-17 05:00:08.020645 : Selesai dim_pegawai.py ===

=== 2025-10-18 05:00:08.016039 : Mulai dim_pegawai.py ===
1 baris diperbarui di dim_pegawai (SCD Type 1):
 - 9250947

=== 2025-10-18 05:00:08.213292 : Selesai dim_pegawai.py ===

=== 2025-10-19 05:00:07.749617 : Mulai dim_pegawai.py ===
Tidak ada perubahan di dim_pegawai.

=== 2025-10-19 05:00:07.959221 : Selesai dim_pegawai.py ===

=== 2025-10-20 05:00:07.776252 : Mulai dim_pegawai.py ===
Tidak ada perubahan di dim_pegawai.

=== 2025-10-20 05:00:07.970952 : Selesai dim_pegawai.py ===

=== 2025-10-21 05:00:07.858387 : Mulai dim_pegawai.py ===
Tidak ada perubahan di dim_pegawai.

=== 2025-10-21 05:00:08.049694 : Selesai dim_pegawai.py ===

=== 2025-10-22 05:00:09.788500 : Mulai dim_pegawai.py ===
Tidak ada perubahan di dim_pegawai.

=== 2025-10-22 05:00:09.988058 : Selesai dim_pegawai.py ===

=== 2025-10-23 05:00:07.938041 : Mulai dim_pegawai.py ===
Tidak ada perubahan di dim_pegawai.

=== 2025-10-23 05:00:08.187004 : Selesai dim_pegawai.py ===

=== 2025-10-24 05:00:07.777880 : Mulai dim_pegawai.py ===
Tidak ada perubahan di dim_pegawai.

=== 2025-10-24 05:00:07.970636 : Selesai dim_pegawai.py ===

=== 2025-10-25 05:00:08.207614 : Mulai dim_pegawai.py ===
Tidak ada perubahan di dim_pegawai.

=== 2025-10-25 05:00:08.408552 : Selesai dim_pegawai.py ===

=== 2025-10-26 05:00:08.935605 : Mulai dim_pegawai.py ===
Tidak ada perubahan di dim_pegawai.

=== 2025-10-26 05:00:09.170876 : Selesai dim_pegawai.py ===

=== 2025-10-27 05:00:08.038287 : Mulai dim_pegawai.py ===
Tidak ada perubahan di dim_pegawai.

=== 2025-10-27 05:00:08.252856 : Selesai dim_pegawai.py ===

=== 2025-10-28 05:00:08.290387 : Mulai dim_pegawai.py ===
Tidak ada perubahan di dim_pegawai.

=== 2025-10-28 05:00:08.484499 : Selesai dim_pegawai.py ===

=== 2025-10-29 05:00:08.245042 : Mulai dim_pegawai.py ===
Tidak ada perubahan di dim_pegawai.

=== 2025-10-29 05:00:08.527218 : Selesai dim_pegawai.py ===

=== 2025-10-30 05:00:08.595919 : Mulai dim_pegawai.py ===
Tidak ada perubahan di dim_pegawai.

=== 2025-10-30 05:00:08.788359 : Selesai dim_pegawai.py ===

=== 2025-10-31 05:00:08.237598 : Mulai dim_pegawai.py ===
Tidak ada perubahan di dim_pegawai.

=== 2025-10-31 05:00:08.421885 : Selesai dim_pegawai.py ===

=== 2025-11-01 05:00:08.804103 : Mulai dim_pegawai.py ===
Tidak ada perubahan di dim_pegawai.

=== 2025-11-01 05:00:09.004597 : Selesai dim_pegawai.py ===

=== 2025-11-02 05:00:08.407232 : Mulai dim_pegawai.py ===
Tidak ada perubahan di dim_pegawai.

=== 2025-11-02 05:00:08.635098 : Selesai dim_pegawai.py ===

=== 2025-11-03 05:00:08.399137 : Mulai dim_pegawai.py ===
Tidak ada perubahan di dim_pegawai.

=== 2025-11-03 05:00:08.630131 : Selesai dim_pegawai.py ===

=== 2025-11-04 05:00:08.479525 : Mulai dim_pegawai.py ===
Tidak ada perubahan di dim_pegawai.

=== 2025-11-04 05:00:08.670576 : Selesai dim_pegawai.py ===

=== 2025-11-05 05:00:08.350097 : Mulai dim_pegawai.py ===
Tidak ada perubahan di dim_pegawai.

=== 2025-11-05 05:00:08.543862 : Selesai dim_pegawai.py ===
