
=== 2025-10-06 13:37:15.709228 : Mulai dim_sep.py ===
3 baris diperbarui di dim_sep (SCD Type 1 dengan created_at & updated_at):
 - 0050R0641025V000128
 - 0050R0641025V000129
 - 0050R0641025V000130

=== 2025-10-06 13:37:16.006659 : Selesai dim_sep.py ===

=== 2025-10-06 13:38:20.231555 : Mulai dim_sep.py ===
Tidak ada perubahan di dim_sep.

=== 2025-10-06 13:38:20.532843 : Selesai dim_sep.py ===

=== 2025-10-06 13:41:06.039919 : Mulai dim_sep.py ===
Tidak ada perubahan di dim_sep.

=== 2025-10-06 13:41:06.372379 : Selesai dim_sep.py ===

=== 2025-10-07 05:00:13.475516 : Mulai dim_sep.py ===
29 baris diperbarui di dim_sep (SCD Type 1 dengan created_at & updated_at):
 - 0050R0641025V000131
 - 0050R0641025V000132
 - 0050R0641025V000133
 - 0050R0641025V000134
 - 0050R0641025V000135
 - 0050R0641025V000136
 - 0050R0641025V000137
 - 0050R0641025V000138
 - 0050R0641025V000139
 - 0050R0641025V000140
 - 0050R0641025V000141
 - 0050R0641025V000142
 - 0050R0641025V000143
 - 0050R0641025V000144
 - 0050R0641025V000145
 - 0050R0641025V000146
 - 0050R0641025V000147
 - 0050R0641025V000148
 - 0050R0641025V000149
 - 0050R0641025V000150
 - 0050R0641025V000151
 - 0050R0641025V000152
 - 0050R0641025V000153
 - 0050R0641025V000154
 - 0050R0641025V000155
 - 0050R0641025V000156
 - 0050R0641025V000157
 - 0050R0641025V000158
 - 0050R0641025V000159

=== 2025-10-07 05:00:13.852694 : Selesai dim_sep.py ===

=== 2025-10-08 05:00:12.007008 : Mulai dim_sep.py ===
206 baris diperbarui di dim_sep (SCD Type 1 dengan created_at & updated_at):
 - 0050R0640925V000756
 - 0050R0640925V000757
 - 0050R0640925V000758
 - 0050R0640925V000760
 - 0050R0640925V000761
 - 0050R0640925V000762
 - 0050R0640925V000763
 - 0050R0640925V000764
 - 0050R0640925V000765
 - 0050R0640925V000766
 - 0050R0640925V000767
 - 0050R0640925V000768
 - 0050R0640925V000769
 - 0050R0640925V000770
 - 0050R0640925V000771
 - 0050R0640925V000772
 - 0050R0640925V000773
 - 0050R0641025V000001
 - 0050R0641025V000002
 - 0050R0641025V000003
 - 0050R0641025V000004
 - 0050R0641025V000005
 - 0050R0641025V000006
 - 0050R0641025V000007
 - 0050R0641025V000008
 - 0050R0641025V000009
 - 0050R0641025V000010
 - 0050R0641025V000011
 - 0050R0641025V000012
 - 0050R0641025V000013
 - 0050R0641025V000014
 - 0050R0641025V000015
 - 0050R0641025V000016
 - 0050R0641025V000017
 - 0050R0641025V000018
 - 0050R0641025V000019
 - 0050R0641025V000020
 - 0050R0641025V000021
 - 0050R0641025V000022
 - 0050R0641025V000023
 - 0050R0641025V000024
 - 0050R0641025V000025
 - 0050R0641025V000026
 - 0050R0641025V000027
 - 0050R0641025V000028
 - 0050R0641025V000029
 - 0050R0641025V000030
 - 0050R0641025V000031
 - 0050R0641025V000032
 - 0050R0641025V000033
 - 0050R0641025V000034
 - 0050R0641025V000035
 - 0050R0641025V000036
 - 0050R0641025V000037
 - 0050R0641025V000038
 - 0050R0641025V000039
 - 0050R0641025V000040
 - 0050R0641025V000041
 - 0050R0641025V000042
 - 0050R0641025V000043
 - 0050R0641025V000044
 - 0050R0641025V000045
 - 0050R0641025V000046
 - 0050R0641025V000047
 - 0050R0641025V000048
 - 0050R0641025V000049
 - 0050R0641025V000050
 - 0050R0641025V000051
 - 0050R0641025V000052
 - 0050R0641025V000053
 - 0050R0641025V000054
 - 0050R0641025V000055
 - 0050R0641025V000056
 - 0050R0641025V000057
 - 0050R0641025V000058
 - 0050R0641025V000059
 - 0050R0641025V000060
 - 0050R0641025V000061
 - 0050R0641025V000062
 - 0050R0641025V000063
 - 0050R0641025V000064
 - 0050R0641025V000065
 - 0050R0641025V000066
 - 0050R0641025V000067
 - 0050R0641025V000068
 - 0050R0641025V000069
 - 0050R0641025V000070
 - 0050R0641025V000071
 - 0050R0641025V000072
 - 0050R0641025V000073
 - 0050R0641025V000074
 - 0050R0641025V000075
 - 0050R0641025V000076
 - 0050R0641025V000077
 - 0050R0641025V000078
 - 0050R0641025V000079
 - 0050R0641025V000080
 - 0050R0641025V000081
 - 0050R0641025V000082
 - 0050R0641025V000083
 - 0050R0641025V000084
 - 0050R0641025V000085
 - 0050R0641025V000086
 - 0050R0641025V000087
 - 0050R0641025V000088
 - 0050R0641025V000089
 - 0050R0641025V000090
 - 0050R0641025V000091
 - 0050R0641025V000092
 - 0050R0641025V000093
 - 0050R0641025V000094
 - 0050R0641025V000095
 - 0050R0641025V000096
 - 0050R0641025V000097
 - 0050R0641025V000098
 - 0050R0641025V000099
 - 0050R0641025V000100
 - 0050R0641025V000101
 - 0050R0641025V000102
 - 0050R0641025V000103
 - 0050R0641025V000104
 - 0050R0641025V000105
 - 0050R0641025V000106
 - 0050R0641025V000107
 - 0050R0641025V000108
 - 0050R0641025V000109
 - 0050R0641025V000110
 - 0050R0641025V000111
 - 0050R0641025V000112
 - 0050R0641025V000113
 - 0050R0641025V000114
 - 0050R0641025V000115
 - 0050R0641025V000116
 - 0050R0641025V000117
 - 0050R0641025V000118
 - 0050R0641025V000119
 - 0050R0641025V000120
 - 0050R0641025V000121
 - 0050R0641025V000122
 - 0050R0641025V000123
 - 0050R0641025V000124
 - 0050R0641025V000125
 - 0050R0641025V000126
 - 0050R0641025V000127
 - 0050R0641025V000128
 - 0050R0641025V000129
 - 0050R0641025V000130
 - 0050R0641025V000131
 - 0050R0641025V000132
 - 0050R0641025V000133
 - 0050R0641025V000134
 - 0050R0641025V000135
 - 0050R0641025V000136
 - 0050R0641025V000137
 - 0050R0641025V000138
 - 0050R0641025V000139
 - 0050R0641025V000140
 - 0050R0641025V000141
 - 0050R0641025V000142
 - 0050R0641025V000143
 - 0050R0641025V000144
 - 0050R0641025V000145
 - 0050R0641025V000146
 - 0050R0641025V000147
 - 0050R0641025V000148
 - 0050R0641025V000149
 - 0050R0641025V000150
 - 0050R0641025V000151
 - 0050R0641025V000152
 - 0050R0641025V000153
 - 0050R0641025V000154
 - 0050R0641025V000155
 - 0050R0641025V000156
 - 0050R0641025V000157
 - 0050R0641025V000158
 - 0050R0641025V000159
 - 0050R0641025V000160
 - 0050R0641025V000161
 - 0050R0641025V000162
 - 0050R0641025V000163
 - 0050R0641025V000164
 - 0050R0641025V000165
 - 0050R0641025V000166
 - 0050R0641025V000167
 - 0050R0641025V000168
 - 0050R0641025V000169
 - 0050R0641025V000170
 - 0050R0641025V000171
 - 0050R0641025V000172
 - 0050R0641025V000173
 - 0050R0641025V000174
 - 0050R0641025V000175
 - 0050R0641025V000176
 - 0050R0641025V000177
 - 0050R0641025V000178
 - 0050R0641025V000179
 - 0050R0641025V000180
 - 0050R0641025V000181
 - 0050R0641025V000182
 - 0050R0641025V000183
 - 0050R0641025V000184
 - 0050R0641025V000185
 - 0050R0641025V000186
 - 0050R0641025V000187
 - 0050R0641025V000188
 - 0050R0641025V000189

=== 2025-10-08 05:00:12.562580 : Selesai dim_sep.py ===

=== 2025-10-09 05:00:10.521706 : Mulai dim_sep.py ===
23 baris diperbarui di dim_sep (SCD Type 1 dengan created_at & updated_at):
 - 0050R0641025V000203
 - 0050R0641025V000204
 - 0050R0641025V000205
 - 0050R0641025V000206
 - 0050R0641025V000207
 - 0050R0641025V000208
 - 0050R0641025V000209
 - 0050R0641025V000210
 - 0050R0641025V000211
 - 0050R0641025V000212
 - 0050R0641025V000213
 - 0050R0641025V000214
 - 0050R0641025V000215
 - 0050R0641025V000216
 - 0050R0641025V000217
 - 0050R0641025V000218
 - 0050R0641025V000219 
 - 0050R0641025V000220
 - 0050R0641025V000221
 - 0050R0641025V000222
 - 0050R0641025V000223
 - 0050R0641025V000224
 - 0050R0641025V000225

=== 2025-10-09 05:00:10.791526 : Selesai dim_sep.py ===

=== 2025-10-10 05:00:11.724328 : Mulai dim_sep.py ===
21 baris diperbarui di dim_sep (SCD Type 1 dengan created_at & updated_at):
 - 0050R0641025V000226
 - 0050R0641025V000227
 - 0050R0641025V000228
 - 0050R0641025V000229
 - 0050R0641025V000230
 - 0050R0641025V000231
 - 0050R0641025V000232
 - 0050R0641025V000233
 - 0050R0641025V000234
 - 0050R0641025V000235
 - 0050R0641025V000237
 - 0050R0641025V000238
 - 0050R0641025V000239
 - 0050R0641025V000240
 - 0050R0641025V000241
 - 0050R0641025V000242
 - 0050R0641025V000243
 - 0050R0641025V000244
 - 0050R0641025V000245
 - 0050R0641025V000246
 - 0050R0641025V000247

=== 2025-10-10 05:00:11.996211 : Selesai dim_sep.py ===

=== 2025-10-11 05:00:10.689553 : Mulai dim_sep.py ===
28 baris diperbarui di dim_sep (SCD Type 1 dengan created_at & updated_at):
 - 0050R0641025V000248
 - 0050R0641025V000249
 - 0050R0641025V000250
 - 0050R0641025V000251
 - 0050R0641025V000252
 - 0050R0641025V000253
 - 0050R0641025V000254
 - 0050R0641025V000255
 - 0050R0641025V000256
 - 0050R0641025V000257
 - 0050R0641025V000258
 - 0050R0641025V000259
 - 0050R0641025V000260
 - 0050R0641025V000261
 - 0050R0641025V000262
 - 0050R0641025V000263
 - 0050R0641025V000264
 - 0050R0641025V000265
 - 0050R0641025V000266
 - 0050R0641025V000267
 - 0050R0641025V000268
 - 0050R0641025V000269
 - 0050R0641025V000270
 - 0050R0641025V000271
 - 0050R0641025V000272
 - 0050R0641025V000273
 - 0050R0641025V000274
 - 0050R0641025V000275

=== 2025-10-11 05:00:10.957285 : Selesai dim_sep.py ===

=== 2025-10-12 05:00:10.542259 : Mulai dim_sep.py ===
12 baris diperbarui di dim_sep (SCD Type 1 dengan created_at & updated_at):
 - 0050R0641025V000276
 - 0050R0641025V000277
 - 0050R0641025V000278
 - 0050R0641025V000279
 - 0050R0641025V000280
 - 0050R0641025V000281
 - 0050R0641025V000282
 - 0050R0641025V000283
 - 0050R0641025V000284
 - 0050R0641025V000285
 - 0050R0641025V000286
 - 0050R0641025V000287

=== 2025-10-12 05:00:10.814009 : Selesai dim_sep.py ===

=== 2025-10-13 05:00:10.901985 : Mulai dim_sep.py ===
19 baris diperbarui di dim_sep (SCD Type 1 dengan created_at & updated_at):
 - 0050R0641025V000288
 - 0050R0641025V000289
 - 0050R0641025V000290
 - 0050R0641025V000291
 - 0050R0641025V000292
 - 0050R0641025V000293
 - 0050R0641025V000294
 - 0050R0641025V000295
 - 0050R0641025V000296
 - 0050R0641025V000297
 - 0050R0641025V000298
 - 0050R0641025V000299
 - 0050R0641025V000300
 - 0050R0641025V000301
 - 0050R0641025V000302
 - 0050R0641025V000303
 - 0050R0641025V000304
 - 0050R0641025V000305
 - 0050R0641025V000306

=== 2025-10-13 05:00:11.171572 : Selesai dim_sep.py ===

=== 2025-10-14 05:00:10.588239 : Mulai dim_sep.py ===
28 baris diperbarui di dim_sep (SCD Type 1 dengan created_at & updated_at):
 - 0050R0641025V000307
 - 0050R0641025V000308
 - 0050R0641025V000309
 - 0050R0641025V000310
 - 0050R0641025V000311
 - 0050R0641025V000312
 - 0050R0641025V000313
 - 0050R0641025V000314
 - 0050R0641025V000315
 - 0050R0641025V000316
 - 0050R0641025V000317
 - 0050R0641025V000318
 - 0050R0641025V000319
 - 0050R0641025V000320
 - 0050R0641025V000321
 - 0050R0641025V000322
 - 0050R0641025V000323
 - 0050R0641025V000324
 - 0050R0641025V000325
 - 0050R0641025V000326
 - 0050R0641025V000327
 - 0050R0641025V000328
 - 0050R0641025V000329
 - 0050R0641025V000330
 - 0050R0641025V000331
 - 0050R0641025V000332
 - 0050R0641025V000333
 - 0050R0641025V000334

=== 2025-10-14 05:00:10.856513 : Selesai dim_sep.py ===

=== 2025-10-15 05:00:11.814959 : Mulai dim_sep.py ===
25 baris diperbarui di dim_sep (SCD Type 1 dengan created_at & updated_at):
 - 0050R0641025V000335
 - 0050R0641025V000336
 - 0050R0641025V000337
 - 0050R0641025V000338
 - 0050R0641025V000339
 - 0050R0641025V000340
 - 0050R0641025V000341
 - 0050R0641025V000342
 - 0050R0641025V000343
 - 0050R0641025V000344
 - 0050R0641025V000345
 - 0050R0641025V000346
 - 0050R0641025V000347
 - 0050R0641025V000348
 - 0050R0641025V000349
 - 0050R0641025V000350
 - 0050R0641025V000351
 - 0050R0641025V000352
 - 0050R0641025V000353
 - 0050R0641025V000354
 - 0050R0641025V000355
 - 0050R0641025V000356
 - 0050R0641025V000357
 - 0050R0641025V000358
 - 0050R0641025V000359

=== 2025-10-15 05:00:12.094966 : Selesai dim_sep.py ===

=== 2025-10-16 05:00:11.184500 : Mulai dim_sep.py ===
32 baris diperbarui di dim_sep (SCD Type 1 dengan created_at & updated_at):
 - 0050R0641025V000360
 - 0050R0641025V000361
 - 0050R0641025V000362
 - 0050R0641025V000363
 - 0050R0641025V000364
 - 0050R0641025V000365
 - 0050R0641025V000366
 - 0050R0641025V000367
 - 0050R0641025V000368
 - 0050R0641025V000369
 - 0050R0641025V000370
 - 0050R0641025V000371
 - 0050R0641025V000372
 - 0050R0641025V000373
 - 0050R0641025V000374
 - 0050R0641025V000375
 - 0050R0641025V000376
 - 0050R0641025V000377
 - 0050R0641025V000378
 - 0050R0641025V000379
 - 0050R0641025V000380
 - 0050R0641025V000381
 - 0050R0641025V000382
 - 0050R0641025V000383
 - 0050R0641025V000384
 - 0050R0641025V000385
 - 0050R0641025V000386
 - 0050R0641025V000387
 - 0050R0641025V000388
 - 0050R0641025V000389
 - 0050R0641025V000390
 - 0050R0641025V000391

=== 2025-10-16 05:00:11.495586 : Selesai dim_sep.py ===

=== 2025-10-17 05:00:10.645459 : Mulai dim_sep.py ===
25 baris diperbarui di dim_sep (SCD Type 1 dengan created_at & updated_at):
 - 0050R0641025V000392
 - 0050R0641025V000393
 - 0050R0641025V000394
 - 0050R0641025V000395
 - 0050R0641025V000396
 - 0050R0641025V000397
 - 0050R0641025V000398
 - 0050R0641025V000399
 - 0050R0641025V000400
 - 0050R0641025V000401
 - 0050R0641025V000402
 - 0050R0641025V000403
 - 0050R0641025V000404
 - 0050R0641025V000405
 - 0050R0641025V000406
 - 0050R0641025V000407
 - 0050R0641025V000408
 - 0050R0641025V000409
 - 0050R0641025V000410
 - 0050R0641025V000411
 - 0050R0641025V000412
 - 0050R0641025V000413
 - 0050R0641025V000414
 - 0050R0641025V000415
 - 0050R0641025V000416

=== 2025-10-17 05:00:10.919982 : Selesai dim_sep.py ===

=== 2025-10-18 05:00:10.967858 : Mulai dim_sep.py ===
49 baris diperbarui di dim_sep (SCD Type 1 dengan created_at & updated_at):
 - 0050R0641025V000417
 - 0050R0641025V000418
 - 0050R0641025V000419
 - 0050R0641025V000420
 - 0050R0641025V000421
 - 0050R0641025V000422
 - 0050R0641025V000423
 - 0050R0641025V000424
 - 0050R0641025V000425
 - 0050R0641025V000426
 - 0050R0641025V000427
 - 0050R0641025V000428
 - 0050R0641025V000429
 - 0050R0641025V000430
 - 0050R0641025V000431
 - 0050R0641025V000432
 - 0050R0641025V000433
 - 0050R0641025V000434
 - 0050R0641025V000435
 - 0050R0641025V000436
 - 0050R0641025V000437
 - 0050R0641025V000438
 - 0050R0641025V000439
 - 0050R0641025V000440
 - 0050R0641025V000441
 - 0050R0641025V000442
 - 0050R0641025V000443
 - 0050R0641025V000444
 - 0050R0641025V000445
 - 0050R0641025V000446
 - 0050R0641025V000447
 - 0050R0641025V000448
 - 0050R0641025V000449
 - 0050R0641025V000450
 - 0050R0641025V000451
 - 0050R0641025V000452
 - 0050R0641025V000453
 - 0050R0641025V000454
 - 0050R0641025V000455
 - 0050R0641025V000456
 - 0050R0641025V000457
 - 0050R0641025V000458
 - 0050R0641025V000459
 - 0050R0641025V000460
 - 0050R0641025V000461
 - 0050R0641025V000462
 - 0050R0641025V000463
 - 0050R0641025V000464
 - 0050R0641025V000465

=== 2025-10-18 05:00:11.238772 : Selesai dim_sep.py ===

=== 2025-10-19 05:00:10.545597 : Mulai dim_sep.py ===
16 baris diperbarui di dim_sep (SCD Type 1 dengan created_at & updated_at):
 - 0050R0641025V000466
 - 0050R0641025V000467
 - 0050R0641025V000468
 - 0050R0641025V000469
 - 0050R0641025V000470
 - 0050R0641025V000471
 - 0050R0641025V000472
 - 0050R0641025V000473
 - 0050R0641025V000474
 - 0050R0641025V000475
 - 0050R0641025V000476
 - 0050R0641025V000477
 - 0050R0641025V000478
 - 0050R0641025V000479
 - 0050R0641025V000480
 - 0050R0641025V000481

=== 2025-10-19 05:00:10.821786 : Selesai dim_sep.py ===

=== 2025-10-20 05:00:10.550686 : Mulai dim_sep.py ===
21 baris diperbarui di dim_sep (SCD Type 1 dengan created_at & updated_at):
 - 0050R0641025V000482
 - 0050R0641025V000483
 - 0050R0641025V000484
 - 0050R0641025V000485
 - 0050R0641025V000486
 - 0050R0641025V000487
 - 0050R0641025V000488
 - 0050R0641025V000489
 - 0050R0641025V000490
 - 0050R0641025V000491
 - 0050R0641025V000492
 - 0050R0641025V000493
 - 0050R0641025V000494
 - 0050R0641025V000495
 - 0050R0641025V000496
 - 0050R0641025V000497
 - 0050R0641025V000498
 - 0050R0641025V000499
 - 0050R0641025V000500
 - 0050R0641025V000501
 - 0050R0641025V000502

=== 2025-10-20 05:00:10.829561 : Selesai dim_sep.py ===

=== 2025-10-21 05:00:10.719094 : Mulai dim_sep.py ===
37 baris diperbarui di dim_sep (SCD Type 1 dengan created_at & updated_at):
 - 0050R0641025V000503
 - 0050R0641025V000504
 - 0050R0641025V000505
 - 0050R0641025V000506
 - 0050R0641025V000507
 - 0050R0641025V000508
 - 0050R0641025V000509
 - 0050R0641025V000510
 - 0050R0641025V000511
 - 0050R0641025V000512
 - 0050R0641025V000513
 - 0050R0641025V000514
 - 0050R0641025V000515
 - 0050R0641025V000516
 - 0050R0641025V000517
 - 0050R0641025V000518
 - 0050R0641025V000519
 - 0050R0641025V000520
 - 0050R0641025V000521
 - 0050R0641025V000522
 - 0050R0641025V000523
 - 0050R0641025V000524
 - 0050R0641025V000525
 - 0050R0641025V000526
 - 0050R0641025V000527
 - 0050R0641025V000528
 - 0050R0641025V000529
 - 0050R0641025V000530
 - 0050R0641025V000531
 - 0050R0641025V000532
 - 0050R0641025V000533
 - 0050R0641025V000534
 - 0050R0641025V000535
 - 0050R0641025V000536
 - 0050R0641025V000537
 - 0050R0641025V000538
 - 0050R0641025V000539

=== 2025-10-21 05:00:10.987110 : Selesai dim_sep.py ===

=== 2025-10-22 05:00:12.616099 : Mulai dim_sep.py ===
30 baris diperbarui di dim_sep (SCD Type 1 dengan created_at & updated_at):
 - 0050R0641025V000540
 - 0050R0641025V000541
 - 0050R0641025V000542
 - 0050R0641025V000543
 - 0050R0641025V000544
 - 0050R0641025V000545
 - 0050R0641025V000546
 - 0050R0641025V000547
 - 0050R0641025V000548
 - 0050R0641025V000549
 - 0050R0641025V000550
 - 0050R0641025V000551
 - 0050R0641025V000552
 - 0050R0641025V000553
 - 0050R0641025V000554
 - 0050R0641025V000555
 - 0050R0641025V000556
 - 0050R0641025V000557
 - 0050R0641025V000558
 - 0050R0641025V000559
 - 0050R0641025V000560
 - 0050R0641025V000561
 - 0050R0641025V000562
 - 0050R0641025V000563
 - 0050R0641025V000564
 - 0050R0641025V000565
 - 0050R0641025V000566
 - 0050R0641025V000567
 - 0050R0641025V000568
 - 0050R0641025V000569

=== 2025-10-22 05:00:12.920347 : Selesai dim_sep.py ===

=== 2025-10-23 05:00:11.001426 : Mulai dim_sep.py ===
35 baris diperbarui di dim_sep (SCD Type 1 dengan created_at & updated_at):
 - 0050R0641025V000570
 - 0050R0641025V000571
 - 0050R0641025V000572
 - 0050R0641025V000573
 - 0050R0641025V000574
 - 0050R0641025V000575
 - 0050R0641025V000576
 - 0050R0641025V000577
 - 0050R0641025V000578
 - 0050R0641025V000579
 - 0050R0641025V000580
 - 0050R0641025V000581
 - 0050R0641025V000582
 - 0050R0641025V000583
 - 0050R0641025V000584
 - 0050R0641025V000585
 - 0050R0641025V000586
 - 0050R0641025V000587
 - 0050R0641025V000588
 - 0050R0641025V000589
 - 0050R0641025V000590
 - 0050R0641025V000591
 - 0050R0641025V000592
 - 0050R0641025V000593
 - 0050R0641025V000594
 - 0050R0641025V000595
 - 0050R0641025V000596
 - 0050R0641025V000597
 - 0050R0641025V000598
 - 0050R0641025V000599
 - 0050R0641025V000600
 - 0050R0641025V000601
 - 0050R0641025V000602
 - 0050R0641025V000603
 - 0050R0641025V000604

=== 2025-10-23 05:00:11.277518 : Selesai dim_sep.py ===

=== 2025-10-24 05:00:10.685731 : Mulai dim_sep.py ===
27 baris diperbarui di dim_sep (SCD Type 1 dengan created_at & updated_at):
 - 0050R0641025V000605
 - 0050R0641025V000606
 - 0050R0641025V000607
 - 0050R0641025V000608
 - 0050R0641025V000609
 - 0050R0641025V000610
 - 0050R0641025V000611
 - 0050R0641025V000612
 - 0050R0641025V000613
 - 0050R0641025V000614
 - 0050R0641025V000615
 - 0050R0641025V000616
 - 0050R0641025V000617
 - 0050R0641025V000618
 - 0050R0641025V000619
 - 0050R0641025V000620
 - 0050R0641025V000621
 - 0050R0641025V000622
 - 0050R0641025V000623
 - 0050R0641025V000624
 - 0050R0641025V000625
 - 0050R0641025V000626
 - 0050R0641025V000627
 - 0050R0641025V000628
 - 0050R0641025V000629
 - 0050R0641025V000630
 - 0050R0641025V000631

=== 2025-10-24 05:00:10.993840 : Selesai dim_sep.py ===

=== 2025-10-25 05:00:11.024565 : Mulai dim_sep.py ===
35 baris diperbarui di dim_sep (SCD Type 1 dengan created_at & updated_at):
 - 0050R0641025V000632
 - 0050R0641025V000633
 - 0050R0641025V000634
 - 0050R0641025V000635
 - 0050R0641025V000636
 - 0050R0641025V000637
 - 0050R0641025V000638
 - 0050R0641025V000639
 - 0050R0641025V000640
 - 0050R0641025V000641
 - 0050R0641025V000642
 - 0050R0641025V000643
 - 0050R0641025V000644
 - 0050R0641025V000645
 - 0050R0641025V000646
 - 0050R0641025V000647
 - 0050R0641025V000648
 - 0050R0641025V000649
 - 0050R0641025V000650
 - 0050R0641025V000651
 - 0050R0641025V000652
 - 0050R0641025V000653
 - 0050R0641025V000654
 - 0050R0641025V000655
 - 0050R0641025V000656
 - 0050R0641025V000657
 - 0050R0641025V000658
 - 0050R0641025V000659
 - 0050R0641025V000660
 - 0050R0641025V000661
 - 0050R0641025V000662
 - 0050R0641025V000663
 - 0050R0641025V000664
 - 0050R0641025V000665
 - 0050R0641025V000666

=== 2025-10-25 05:00:11.308604 : Selesai dim_sep.py ===

=== 2025-10-26 05:00:11.913931 : Mulai dim_sep.py ===
18 baris diperbarui di dim_sep (SCD Type 1 dengan created_at & updated_at):
 - 0050R0641025V000667
 - 0050R0641025V000668
 - 0050R0641025V000669
 - 0050R0641025V000670
 - 0050R0641025V000671
 - 0050R0641025V000672
 - 0050R0641025V000673
 - 0050R0641025V000674
 - 0050R0641025V000675
 - 0050R0641025V000676
 - 0050R0641025V000677
 - 0050R0641025V000678
 - 0050R0641025V000679
 - 0050R0641025V000680
 - 0050R0641025V000681
 - 0050R0641025V000682
 - 0050R0641025V000683
 - 0050R0641025V000684

=== 2025-10-26 05:00:12.218161 : Selesai dim_sep.py ===

=== 2025-10-27 05:00:10.943434 : Mulai dim_sep.py ===
22 baris diperbarui di dim_sep (SCD Type 1 dengan created_at & updated_at):
 - 0050R0641025V000685
 - 0050R0641025V000686
 - 0050R0641025V000687
 - 0050R0641025V000688
 - 0050R0641025V000689
 - 0050R0641025V000690
 - 0050R0641025V000691
 - 0050R0641025V000692
 - 0050R0641025V000693
 - 0050R0641025V000694
 - 0050R0641025V000695
 - 0050R0641025V000696
 - 0050R0641025V000697
 - 0050R0641025V000698
 - 0050R0641025V000699
 - 0050R0641025V000700
 - 0050R0641025V000701
 - 0050R0641025V000702
 - 0050R0641025V000703
 - 0050R0641025V000704
 - 0050R0641025V000705
 - 0050R0641025V000706

=== 2025-10-27 05:00:11.217320 : Selesai dim_sep.py ===

=== 2025-10-28 05:00:11.667748 : Mulai dim_sep.py ===
40 baris diperbarui di dim_sep (SCD Type 1 dengan created_at & updated_at):
 - 0050R0641025V000707
 - 0050R0641025V000708
 - 0050R0641025V000709
 - 0050R0641025V000710
 - 0050R0641025V000711
 - 0050R0641025V000712
 - 0050R0641025V000713
 - 0050R0641025V000714
 - 0050R0641025V000715
 - 0050R0641025V000716
 - 0050R0641025V000717
 - 0050R0641025V000718
 - 0050R0641025V000719
 - 0050R0641025V000720
 - 0050R0641025V000721
 - 0050R0641025V000722
 - 0050R0641025V000723
 - 0050R0641025V000724
 - 0050R0641025V000725
 - 0050R0641025V000726
 - 0050R0641025V000727
 - 0050R0641025V000728
 - 0050R0641025V000729
 - 0050R0641025V000730
 - 0050R0641025V000731
 - 0050R0641025V000732
 - 0050R0641025V000733
 - 0050R0641025V000734
 - 0050R0641025V000735
 - 0050R0641025V000736
 - 0050R0641025V000737
 - 0050R0641025V000738
 - 0050R0641025V000739
 - 0050R0641025V000740
 - 0050R0641025V000741
 - 0050R0641025V000742
 - 0050R0641025V000743
 - 0050R0641025V000744
 - 0050R0641025V000745
 - 0050R0641025V000746

=== 2025-10-28 05:00:11.944939 : Selesai dim_sep.py ===

=== 2025-10-29 05:00:12.627163 : Mulai dim_sep.py ===
22 baris diperbarui di dim_sep (SCD Type 1 dengan created_at & updated_at):
 - 0050R0641025V000747
 - 0050R0641025V000748
 - 0050R0641025V000749
 - 0050R0641025V000750
 - 0050R0641025V000751
 - 0050R0641025V000752
 - 0050R0641025V000753
 - 0050R0641025V000754
 - 0050R0641025V000755
 - 0050R0641025V000756
 - 0050R0641025V000757
 - 0050R0641025V000758
 - 0050R0641025V000759
 - 0050R0641025V000760
 - 0050R0641025V000761
 - 0050R0641025V000762
 - 0050R0641025V000763
 - 0050R0641025V000764
 - 0050R0641025V000765
 - 0050R0641025V000766
 - 0050R0641025V000767
 - 0050R0641025V000768

=== 2025-10-29 05:00:12.918290 : Selesai dim_sep.py ===

=== 2025-10-30 05:00:11.406563 : Mulai dim_sep.py ===
34 baris diperbarui di dim_sep (SCD Type 1 dengan created_at & updated_at):
 - 0050R0641025V000769
 - 0050R0641025V000770
 - 0050R0641025V000771
 - 0050R0641025V000772
 - 0050R0641025V000773
 - 0050R0641025V000774
 - 0050R0641025V000775
 - 0050R0641025V000776
 - 0050R0641025V000777
 - 0050R0641025V000778
 - 0050R0641025V000779
 - 0050R0641025V000780
 - 0050R0641025V000781
 - 0050R0641025V000782
 - 0050R0641025V000783
 - 0050R0641025V000784
 - 0050R0641025V000785
 - 0050R0641025V000786
 - 0050R0641025V000787
 - 0050R0641025V000788
 - 0050R0641025V000789
 - 0050R0641025V000790
 - 0050R0641025V000791
 - 0050R0641025V000792
 - 0050R0641025V000793
 - 0050R0641025V000794
 - 0050R0641025V000795
 - 0050R0641025V000796
 - 0050R0641025V000797
 - 0050R0641025V000798
 - 0050R0641025V000799
 - 0050R0641025V000800
 - 0050R0641025V000801
 - 0050R0641025V000802

=== 2025-10-30 05:00:11.708677 : Selesai dim_sep.py ===

=== 2025-10-31 05:00:10.904433 : Mulai dim_sep.py ===
14 baris diperbarui di dim_sep (SCD Type 1 dengan created_at & updated_at):
 - 0050R0641025V000803
 - 0050R0641025V000804
 - 0050R0641025V000805
 - 0050R0641025V000806
 - 0050R0641025V000807
 - 0050R0641025V000808
 - 0050R0641025V000809
 - 0050R0641025V000810
 - 0050R0641025V000811
 - 0050R0641025V000812
 - 0050R0641025V000813
 - 0050R0641025V000814
 - 0050R0641025V000815
 - 0050R0641025V000816

=== 2025-10-31 05:00:11.172880 : Selesai dim_sep.py ===

=== 2025-11-01 05:00:13.607752 : Mulai dim_sep.py ===
25 baris diperbarui di dim_sep (SCD Type 1 dengan created_at & updated_at):
 - 0050R0641025V000817
 - 0050R0641025V000818
 - 0050R0641025V000819
 - 0050R0641025V000820
 - 0050R0641025V000821
 - 0050R0641025V000822
 - 0050R0641025V000823
 - 0050R0641025V000824
 - 0050R0641025V000825
 - 0050R0641025V000826
 - 0050R0641025V000827
 - 0050R0641025V000828
 - 0050R0641025V000829
 - 0050R0641025V000830
 - 0050R0641025V000831
 - 0050R0641025V000832
 - 0050R0641025V000833
 - 0050R0641025V000834
 - 0050R0641025V000835
 - 0050R0641025V000836
 - 0050R0641025V000837
 - 0050R0641025V000838
 - 0050R0641025V000839
 - 0050R0641025V000840
 - 0050R0641125V000001

=== 2025-11-01 05:00:13.923911 : Selesai dim_sep.py ===

=== 2025-11-02 05:00:11.589871 : Mulai dim_sep.py ===
18 baris diperbarui di dim_sep (SCD Type 1 dengan created_at & updated_at):
 - 0050R0641025V000841
 - 0050R0641125V000002
 - 0050R0641125V000003
 - 0050R0641125V000004
 - 0050R0641125V000005
 - 0050R0641125V000006
 - 0050R0641125V000007
 - 0050R0641125V000008
 - 0050R0641125V000009
 - 0050R0641125V000010 
 - 0050R0641125V000011
 - 0050R0641125V000012
 - 0050R0641125V000013
 - 0050R0641125V000014
 - 0050R0641125V000015
 - 0050R0641125V000016
 - 0050R0641125V000017
 - 0050R0641125V000018

=== 2025-11-02 05:00:11.887006 : Selesai dim_sep.py ===

=== 2025-11-03 05:00:12.765711 : Mulai dim_sep.py ===
22 baris diperbarui di dim_sep (SCD Type 1 dengan created_at & updated_at):
 - 0050R0641125V000019
 - 0050R0641125V000020
 - 0050R0641125V000021
 - 0050R0641125V000022
 - 0050R0641125V000023
 - 0050R0641125V000024
 - 0050R0641125V000025
 - 0050R0641125V000026
 - 0050R0641125V000027
 - 0050R0641125V000028
 - 0050R0641125V000029
 - 0050R0641125V000030
 - 0050R0641125V000031
 - 0050R0641125V000032
 - 0050R0641125V000033
 - 0050R0641125V000034
 - 0050R0641125V000035
 - 0050R0641125V000036
 - 0050R0641125V000037
 - 0050R0641125V000038
 - 0050R0641125V000039
 - 0050R0641125V000040

=== 2025-11-03 05:00:13.063508 : Selesai dim_sep.py ===

=== 2025-11-04 05:00:11.395186 : Mulai dim_sep.py ===
34 baris diperbarui di dim_sep (SCD Type 1 dengan created_at & updated_at):
 - 0050R0641125V000041
 - 0050R0641125V000042
 - 0050R0641125V000043
 - 0050R0641125V000044
 - 0050R0641125V000045
 - 0050R0641125V000046
 - 0050R0641125V000047
 - 0050R0641125V000048
 - 0050R0641125V000049
 - 0050R0641125V000050
 - 0050R0641125V000051
 - 0050R0641125V000052
 - 0050R0641125V000053
 - 0050R0641125V000054
 - 0050R0641125V000055
 - 0050R0641125V000056
 - 0050R0641125V000057
 - 0050R0641125V000058
 - 0050R0641125V000059
 - 0050R0641125V000060
 - 0050R0641125V000061
 - 0050R0641125V000062
 - 0050R0641125V000063
 - 0050R0641125V000064
 - 0050R0641125V000065
 - 0050R0641125V000066
 - 0050R0641125V000067
 - 0050R0641125V000068
 - 0050R0641125V000069
 - 0050R0641125V000070
 - 0050R0641125V000071
 - 0050R0641125V000072
 - 0050R0641125V000073
 - 0050R0641125V000074

=== 2025-11-04 05:00:11.664810 : Selesai dim_sep.py ===

=== 2025-11-05 05:00:11.235255 : Mulai dim_sep.py ===
29 baris diperbarui di dim_sep (SCD Type 1 dengan created_at & updated_at):
 - 0050R0641125V000075
 - 0050R0641125V000076
 - 0050R0641125V000077
 - 0050R0641125V000078
 - 0050R0641125V000079
 - 0050R0641125V000080
 - 0050R0641125V000081
 - 0050R0641125V000082
 - 0050R0641125V000083
 - 0050R0641125V000084
 - 0050R0641125V000085
 - 0050R0641125V000086
 - 0050R0641125V000087
 - 0050R0641125V000088
 - 0050R0641125V000090
 - 0050R0641125V000091
 - 0050R0641125V000092
 - 0050R0641125V000093
 - 0050R0641125V000094
 - 0050R0641125V000095
 - 0050R0641125V000096
 - 0050R0641125V000097
 - 0050R0641125V000098
 - 0050R0641125V000100
 - 0050R0641125V000101
 - 0050R0641125V000102
 - 0050R0641125V000103
 - 0050R0641125V000104
 - 0050R0641125V000105

=== 2025-11-05 05:00:11.529961 : Selesai dim_sep.py ===
