
=== 2025-10-06 13:37:13.236942 : Mulai dim_barang.py ===
Tidak ada perubahan di dim_barang.

=== 2025-10-06 13:37:13.409313 : Selesai dim_barang.py ===

=== 2025-10-06 13:38:17.690667 : Mulai dim_barang.py ===
Tidak ada perubahan di dim_barang.

=== 2025-10-06 13:38:17.876584 : Selesai dim_barang.py ===

=== 2025-10-06 13:41:03.531494 : Mulai dim_barang.py ===
Tidak ada perubahan di dim_barang.

=== 2025-10-06 13:41:03.693349 : Selesai dim_barang.py ===

=== 2025-10-07 05:00:10.907204 : Mulai dim_barang.py ===
Tidak ada perubahan di dim_barang.

=== 2025-10-07 05:00:11.143554 : Selesai dim_barang.py ===

=== 2025-10-08 05:00:09.349579 : Mulai dim_barang.py ===
Tidak ada perubahan di dim_barang.

=== 2025-10-08 05:00:09.547952 : Selesai dim_barang.py ===

=== 2025-10-09 05:00:08.259672 : Mulai dim_barang.py ===
Tidak ada perubahan di dim_barang.

=== 2025-10-09 05:00:08.446234 : Selesai dim_barang.py ===

=== 2025-10-10 05:00:08.387839 : Mulai dim_barang.py ===
Tidak ada perubahan di dim_barang.

=== 2025-10-10 05:00:08.551247 : Selesai dim_barang.py ===

=== 2025-10-11 05:00:08.324415 : Mulai dim_barang.py ===
Tidak ada perubahan di dim_barang.

=== 2025-10-11 05:00:08.549402 : Selesai dim_barang.py ===

=== 2025-10-12 05:00:08.259551 : Mulai dim_barang.py ===
Tidak ada perubahan di dim_barang.

=== 2025-10-12 05:00:08.431466 : Selesai dim_barang.py ===

=== 2025-10-13 05:00:08.514642 : Mulai dim_barang.py ===
Tidak ada perubahan di dim_barang.

=== 2025-10-13 05:00:08.676721 : Selesai dim_barang.py ===

=== 2025-10-14 05:00:08.281125 : Mulai dim_barang.py ===
Tidak ada perubahan di dim_barang.

=== 2025-10-14 05:00:08.480385 : Selesai dim_barang.py ===

=== 2025-10-15 05:00:09.211757 : Mulai dim_barang.py ===
Tidak ada perubahan di dim_barang.

=== 2025-10-15 05:00:09.401406 : Selesai dim_barang.py ===

=== 2025-10-16 05:00:08.553170 : Mulai dim_barang.py ===
Tidak ada perubahan di dim_barang.

=== 2025-10-16 05:00:08.762986 : Selesai dim_barang.py ===

=== 2025-10-17 05:00:08.380559 : Mulai dim_barang.py ===
Tidak ada perubahan di dim_barang.

=== 2025-10-17 05:00:08.544675 : Selesai dim_barang.py ===

=== 2025-10-18 05:00:08.604193 : Mulai dim_barang.py ===
Tidak ada perubahan di dim_barang.

=== 2025-10-18 05:00:08.773702 : Selesai dim_barang.py ===

=== 2025-10-19 05:00:08.302764 : Mulai dim_barang.py ===
Tidak ada perubahan di dim_barang.

=== 2025-10-19 05:00:08.465698 : Selesai dim_barang.py ===

=== 2025-10-20 05:00:08.312237 : Mulai dim_barang.py ===
Tidak ada perubahan di dim_barang.

=== 2025-10-20 05:00:08.474955 : Selesai dim_barang.py ===

=== 2025-10-21 05:00:08.433838 : Mulai dim_barang.py ===
Tidak ada perubahan di dim_barang.

=== 2025-10-21 05:00:08.598681 : Selesai dim_barang.py ===

=== 2025-10-22 05:00:10.351169 : Mulai dim_barang.py ===
1 baris diperbarui di dim_barang (SCD Type 1):
 - B00225

=== 2025-10-22 05:00:10.535317 : Selesai dim_barang.py ===

=== 2025-10-23 05:00:08.518712 : Mulai dim_barang.py ===
Tidak ada perubahan di dim_barang.

=== 2025-10-23 05:00:08.726345 : Selesai dim_barang.py ===

=== 2025-10-24 05:00:08.371941 : Mulai dim_barang.py ===
Tidak ada perubahan di dim_barang.

=== 2025-10-24 05:00:08.542571 : Selesai dim_barang.py ===

=== 2025-10-25 05:00:08.779768 : Mulai dim_barang.py ===
Tidak ada perubahan di dim_barang.

=== 2025-10-25 05:00:08.941075 : Selesai dim_barang.py ===

=== 2025-10-26 05:00:09.539781 : Mulai dim_barang.py ===
Tidak ada perubahan di dim_barang.

=== 2025-10-26 05:00:09.707473 : Selesai dim_barang.py ===

=== 2025-10-27 05:00:08.582561 : Mulai dim_barang.py ===
Tidak ada perubahan di dim_barang.

=== 2025-10-27 05:00:08.750630 : Selesai dim_barang.py ===

=== 2025-10-28 05:00:08.875781 : Mulai dim_barang.py ===
Tidak ada perubahan di dim_barang.

=== 2025-10-28 05:00:09.076415 : Selesai dim_barang.py ===

=== 2025-10-29 05:00:09.207829 : Mulai dim_barang.py ===
Tidak ada perubahan di dim_barang.

=== 2025-10-29 05:00:09.417044 : Selesai dim_barang.py ===

=== 2025-10-30 05:00:09.109330 : Mulai dim_barang.py ===
Tidak ada perubahan di dim_barang.

=== 2025-10-30 05:00:09.274689 : Selesai dim_barang.py ===

=== 2025-10-31 05:00:08.765579 : Mulai dim_barang.py ===
Tidak ada perubahan di dim_barang.

=== 2025-10-31 05:00:08.922205 : Selesai dim_barang.py ===

=== 2025-11-01 05:00:09.379585 : Mulai dim_barang.py ===
Tidak ada perubahan di dim_barang.

=== 2025-11-01 05:00:09.582389 : Selesai dim_barang.py ===

=== 2025-11-02 05:00:09.025656 : Mulai dim_barang.py ===
Tidak ada perubahan di dim_barang.

=== 2025-11-02 05:00:09.189395 : Selesai dim_barang.py ===

=== 2025-11-03 05:00:09.025414 : Mulai dim_barang.py ===
Tidak ada perubahan di dim_barang.

=== 2025-11-03 05:00:09.190397 : Selesai dim_barang.py ===

=== 2025-11-04 05:00:09.074481 : Mulai dim_barang.py ===
Tidak ada perubahan di dim_barang.

=== 2025-11-04 05:00:09.235056 : Selesai dim_barang.py ===

=== 2025-11-05 05:00:08.878504 : Mulai dim_barang.py ===
Tidak ada perubahan di dim_barang.

=== 2025-11-05 05:00:09.095206 : Selesai dim_barang.py ===
