
=== 2025-10-06 13:37:06.473085 : Mulai dim_pasien.py ===
11 baris diperbarui di dim_pasien (SCD Type 1):
 - 903314-0320
 - 903550-0320
 - 903683-0420
 - 903684-0420
 - 907377-0121
 - 907969-0121
 - 911631-0621
 - 920966-0622
 - 925116-0223
 - 937175-1025
 - 937176-1025

=== 2025-10-06 13:37:12.472939 : Selesai dim_pasien.py ===

=== 2025-10-06 13:38:11.049484 : Mulai dim_pasien.py ===
9 baris diperbarui di dim_pasien (SCD Type 1):
 - 903314-0320
 - 903550-0320
 - 903683-0420
 - 903684-0420
 - 907377-0121
 - 907969-0121
 - 911631-0621
 - 920966-0622
 - 925116-0223

=== 2025-10-06 13:38:16.932326 : Selesai dim_pasien.py ===

=== 2025-10-06 13:40:56.408995 : Mulai dim_pasien.py ===
9 baris diperbarui di dim_pasien (SCD Type 1):
 - 903314-0320
 - 903550-0320
 - 903683-0420
 - 903684-0420
 - 907377-0121
 - 907969-0121
 - 911631-0621
 - 920966-0622
 - 925116-0223

=== 2025-10-06 13:41:02.759514 : Selesai dim_pasien.py ===

=== 2025-10-07 05:00:04.922744 : Mulai dim_pasien.py ===
31 baris diperbarui di dim_pasien (SCD Type 1):
 - 903314-0320
 - 903550-0320
 - 903683-0420
 - 903684-0420
 - 906729-1220
 - 907377-0121
 - 907969-0121
 - 911631-0621
 - 920966-0622
 - 925116-0223
 - 926063-0523
 - 927539-0823
 - 936672-0825
 - 937159-1025
 - 937172-1025
 - 937173-1025
 - 937177-1025
 - 937178-1025
 - 937179-1025
 - 937180-1025
 - 937181-1025
 - 937182-1025
 - 937183-1025
 - 937184-1025
 - 937185-1025
 - 937186-1025
 - 937187-1025
 - 937188-1025
 - 937190-1025
 - 937191-1025
 - 937192-1025

=== 2025-10-07 05:00:10.082347 : Selesai dim_pasien.py ===

=== 2025-10-08 05:00:02.993533 : Mulai dim_pasien.py ===
30 baris diperbarui di dim_pasien (SCD Type 1):
 - 903314-0320
 - 903550-0320
 - 903683-0420
 - 903684-0420
 - 907377-0121
 - 907969-0121
 - 911413-0621
 - 911631-0621
 - 920630-0522
 - 920966-0622
 - 921112-0622
 - 925116-0223
 - 931366-0524
 - 932046-0724
 - 935132-0425
 - 936592-0825
 - 937124-1025
 - 937193-1025
 - 937194-1025
 - 937195-1025
 - 937196-1025
 - 937197-1025
 - 937198-1025
 - 937199-1025
 - 937200-1025
 - 937201-1025
 - 937202-1025
 - 937203-1025
 - 937204-1025
 - 937205-1025

=== 2025-10-08 05:00:08.473566 : Selesai dim_pasien.py ===

=== 2025-10-09 05:00:02.436762 : Mulai dim_pasien.py ===
30 baris diperbarui di dim_pasien (SCD Type 1):
 - 903314-0320
 - 903550-0320
 - 903683-0420
 - 903684-0420
 - 907377-0121
 - 907969-0121
 - 911365-0621
 - 911631-0621
 - 920966-0622
 - 922014-0822
 - 925116-0223
 - 936624-0825
 - 936724-0825
 - 936808-0925
 - 937119-1025
 - 937173-1025
 - 937204-1025
 - 937206-1025
 - 937207-1025
 - 937208-1025
 - 937209-1025
 - 937210-1025
 - 937211-1025
 - 937212-1025
 - 937213-1025
 - 937214-1025
 - 937215-1025
 - 937216-1025
 - 937217-1025
 - 937218-1025

=== 2025-10-09 05:00:07.563663 : Selesai dim_pasien.py ===

=== 2025-10-10 05:00:02.410156 : Mulai dim_pasien.py ===
26 baris diperbarui di dim_pasien (SCD Type 1):
 - 903314-0320
 - 903550-0320
 - 903683-0420
 - 903684-0420
 - 907377-0121
 - 907969-0121
 - 911631-0621
 - 912207-0721
 - 920966-0622
 - 925116-0223
 - 933187-1024
 - 933232-1024
 - 935326-0425
 - 937203-1025
 - 937216-1025
 - 937219-1025
 - 937220-1025
 - 937221-1025
 - 937222-1025
 - 937223-1025
 - 937224-1025
 - 937225-1025
 - 937226-1025
 - 937227-1025
 - 937228-1025
 - 937229-1025

=== 2025-10-10 05:00:07.615895 : Selesai dim_pasien.py ===

=== 2025-10-11 05:00:02.511482 : Mulai dim_pasien.py ===
31 baris diperbarui di dim_pasien (SCD Type 1):
 - 903314-0320
 - 903550-0320
 - 903683-0420
 - 903684-0420
 - 907377-0121
 - 907969-0121
 - 911115-0621
 - 911631-0621
 - 920966-0622
 - 921112-0622
 - 925116-0223
 - 933127-1024
 - 933913-1224
 - 936724-0825
 - 936889-0925
 - 936975-0925
 - 937229-1025
 - 937230-1025
 - 937231-1025
 - 937232-1025
 - 937233-1025
 - 937234-1025
 - 937235-1025
 - 937236-1025
 - 937237-1025
 - 937238-1025
 - 937239-1025
 - 937240-1025
 - 937241-1025
 - 937242-1025
 - 937243-1025

=== 2025-10-11 05:00:07.581249 : Selesai dim_pasien.py ===

=== 2025-10-12 05:00:02.418655 : Mulai dim_pasien.py ===
21 baris diperbarui di dim_pasien (SCD Type 1):
 - 900599
 - 903314-0320
 - 903550-0320
 - 903683-0420
 - 903684-0420
 - 907377-0121
 - 907969-0121
 - 911631-0621
 - 920966-0622
 - 925116-0223
 - 927188-0723
 - 934667-0225
 - 937244-1025
 - 937245-1025
 - 937246-1025
 - 937247-1025
 - 937248-1025
 - 937249-1025
 - 937250-1025
 - 937251-1025
 - 937252-1025

=== 2025-10-12 05:00:07.477474 : Selesai dim_pasien.py ===

=== 2025-10-13 05:00:02.505190 : Mulai dim_pasien.py ===
22 baris diperbarui di dim_pasien (SCD Type 1):
 - 903314-0320
 - 903550-0320
 - 903683-0420
 - 903684-0420
 - 907377-0121
 - 907969-0121
 - 911631-0621
 - 914580-1121
 - 920966-0622
 - 922945-1022
 - 925116-0223
 - 937253-1025
 - 937254-1025
 - 937255-1025
 - 937256-1025
 - 937257-1025
 - 937258-1025
 - 937259-1025
 - 937260-1025
 - 937261-1025
 - 937262-1025
 - 937263-1025

=== 2025-10-13 05:00:07.727875 : Selesai dim_pasien.py ===

=== 2025-10-14 05:00:02.443677 : Mulai dim_pasien.py ===
31 baris diperbarui di dim_pasien (SCD Type 1):
 - 903314-0320
 - 903550-0320
 - 903683-0420
 - 903684-0420
 - 907377-0121
 - 907563-0121
 - 907969-0121
 - 911631-0621
 - 913212-0921
 - 920966-0622
 - 925116-0223
 - 936924-0925
 - 936975-0925
 - 937050-0925
 - 937230-1025
 - 937264-1025
 - 937265-1025
 - 937266-1025
 - 937267-1025
 - 937268-1025
 - 937269-1025
 - 937270-1025
 - 937271-1025
 - 937272-1025
 - 937273-1025
 - 937274-1025
 - 937275-1025
 - 937276-1025
 - 937277-1025
 - 937278-1025
 - 937279-1025

=== 2025-10-14 05:00:07.543369 : Selesai dim_pasien.py ===

=== 2025-10-15 05:00:02.570210 : Mulai dim_pasien.py ===
29 baris diperbarui di dim_pasien (SCD Type 1):
 - 903314-0320
 - 903550-0320
 - 903683-0420
 - 903684-0420
 - 907377-0121
 - 907969-0121
 - 911631-0621
 - 918927-0322
 - 920966-0622
 - 922945-1022
 - 925116-0223
 - 931684-0624
 - 931743-0624
 - 931794-0624
 - 937204-1025
 - 937274-1025
 - 937280-1025
 - 937281-1025
 - 937282-1025
 - 937283-1025
 - 937284-1025
 - 937285-1025
 - 937286-1025
 - 937287-1025
 - 937288-1025
 - 937289-1025
 - 937290-1025
 - 937291-1025
 - 937292-1025

=== 2025-10-15 05:00:08.387433 : Selesai dim_pasien.py ===

=== 2025-10-16 05:00:02.437614 : Mulai dim_pasien.py ===
26 baris diperbarui di dim_pasien (SCD Type 1):
 - 903314-0320
 - 903550-0320
 - 903683-0420
 - 903684-0420
 - 906071-1020
 - 907377-0121
 - 907969-0121
 - 909312-0421
 - 911631-0621
 - 919048-0322
 - 920966-0622
 - 922367-0822
 - 925116-0223
 - 930018-0224
 - 936538-0825
 - 937293-1025
 - 937294-1025
 - 937295-1025
 - 937296-1025
 - 937297-1025
 - 937298-1025
 - 937299-1025
 - 937300-1025
 - 937301-1025
 - 937302-1025
 - 937303-1025

=== 2025-10-16 05:00:07.752430 : Selesai dim_pasien.py ===

=== 2025-10-17 05:00:02.451045 : Mulai dim_pasien.py ===
30 baris diperbarui di dim_pasien (SCD Type 1):
 - 903314-0320
 - 903550-0320
 - 903683-0420
 - 903684-0420
 - 907377-0121
 - 907969-0121
 - 911148-0621
 - 911631-0621
 - 912260-0721
 - 920966-0622
 - 925116-0223
 - 937205-1025
 - 937265-1025
 - 937304-1025
 - 937305-1025
 - 937306-1025
 - 937307-1025
 - 937308-1025
 - 937309-1025
 - 937310-1025
 - 937311-1025
 - 937312-1025
 - 937313-1025
 - 937314-1025
 - 937315-1025
 - 937316-1025
 - 937317-1025
 - 937318-1025
 - 937319-1025
 - 937320-1025

=== 2025-10-17 05:00:07.625053 : Selesai dim_pasien.py ===

=== 2025-10-18 05:00:02.574355 : Mulai dim_pasien.py ===
29 baris diperbarui di dim_pasien (SCD Type 1):
 - 903314-0320
 - 903550-0320
 - 903683-0420
 - 903684-0420
 - 906296-1020
 - 907377-0121
 - 907969-0121
 - 911631-0621
 - 920966-0622
 - 923910-1122
 - 925116-0223
 - 929783-0124
 - 931204-0424
 - 937195-1025
 - 937320-1025
 - 937321-1025
 - 937322-1025
 - 937323-1025
 - 937324-1025
 - 937325-1025
 - 937326-1025
 - 937327-1025
 - 937328-1025
 - 937329-1025
 - 937330-1025
 - 937331-1025
 - 937332-1025
 - 937333-1025
 - 937334-1025

=== 2025-10-18 05:00:07.808184 : Selesai dim_pasien.py ===

=== 2025-10-19 05:00:02.483575 : Mulai dim_pasien.py ===
28 baris diperbarui di dim_pasien (SCD Type 1):
 - 903314-0320
 - 903550-0320
 - 903683-0420
 - 903684-0420
 - 907377-0121
 - 907969-0121
 - 911631-0621
 - 914369-1021
 - 920966-0622
 - 922967-1022
 - 923910-1122
 - 925116-0223
 - 935985-0625
 - 937326-1025
 - 937335-1025
 - 937336-1025
 - 937337-1025
 - 937338-1025
 - 937339-1025
 - 937340-1025
 - 937341-1025
 - 937342-1025
 - 937343-1025
 - 937344-1025
 - 937345-1025
 - 937346-1025
 - 937347-1025
 - 937348-1025

=== 2025-10-19 05:00:07.592157 : Selesai dim_pasien.py ===

=== 2025-10-20 05:00:02.512960 : Mulai dim_pasien.py ===
20 baris diperbarui di dim_pasien (SCD Type 1):
 - 903314-0320
 - 903550-0320
 - 903683-0420
 - 903684-0420
 - 907377-0121
 - 907969-0121
 - 911631-0621
 - 914573-1121
 - 920966-0622
 - 925116-0223
 - 928568-1123
 - 936488-0825
 - 936782-0925
 - 937047-0925
 - 937349-1025
 - 937350-1025
 - 937351-1025
 - 937352-1025
 - 937353-1025
 - 937354-1025

=== 2025-10-20 05:00:07.616386 : Selesai dim_pasien.py ===

=== 2025-10-21 05:00:02.546262 : Mulai dim_pasien.py ===
41 baris diperbarui di dim_pasien (SCD Type 1):
 - 903314-0320
 - 903550-0320
 - 903683-0420
 - 903684-0420
 - 907377-0121
 - 907969-0121
 - 910964-0621
 - 911631-0621
 - 920966-0622
 - 922313-0822
 - 922693-0922
 - 925116-0223
 - 931204-0424
 - 934169-0125
 - 935638-0525
 - 935845-0625
 - 935857-0625
 - 935935-0625
 - 936937-0925
 - 937326-1025
 - 937334-1025
 - 937350-1025
 - 937353-1025
 - 937355-1025
 - 937356-1025
 - 937357-1025
 - 937358-1025
 - 937359-1025
 - 937360-1025
 - 937361-1025
 - 937362-1025
 - 937363-1025
 - 937364-1025
 - 937365-1025
 - 937366-1025
 - 937367-1025
 - 937368-1025
 - 937369-1025
 - 937370-1025
 - 937371-1025
 - 937372-1025

=== 2025-10-21 05:00:07.679284 : Selesai dim_pasien.py ===

=== 2025-10-22 05:00:02.512906 : Mulai dim_pasien.py ===
39 baris diperbarui di dim_pasien (SCD Type 1):
 - 903314-0320
 - 903550-0320
 - 903683-0420
 - 903684-0420
 - 907377-0121
 - 907969-0121
 - 908931-0321
 - 911631-0621
 - 912256-0721
 - 914573-1121
 - 920966-0622
 - 921510-0722
 - 922546-0922
 - 923621-1122
 - 924096-1222
 - 925116-0223
 - 925764-0423
 - 934233-0125
 - 934785-0325
 - 935416-0525
 - 936358-0725
 - 937155-1025
 - 937272-1025
 - 937351-1025
 - 937373-1025
 - 937374-1025
 - 937375-1025
 - 937376-1025
 - 937377-1025
 - 937378-1025
 - 937379-1025
 - 937380-1025
 - 937381-1025
 - 937382-1025
 - 937383-1025
 - 937384-1025
 - 937385-1025
 - 937386-1025
 - 937387-1025

=== 2025-10-22 05:00:09.281493 : Selesai dim_pasien.py ===

=== 2025-10-23 05:00:02.576451 : Mulai dim_pasien.py ===
33 baris diperbarui di dim_pasien (SCD Type 1):
 - 903314-0320
 - 903550-0320
 - 903683-0420
 - 903684-0420
 - 907377-0121
 - 907969-0121
 - 911631-0621
 - 915824-1221
 - 916391-1221
 - 920966-0622
 - 925116-0223
 - 931914-0724
 - 933347-1124
 - 933456-1124
 - 937171-1025
 - 937320-1025
 - 937365-1025
 - 937388-1025
 - 937389-1025
 - 937390-1025
 - 937391-1025
 - 937392-1025
 - 937393-1025
 - 937394-1025
 - 937395-1025
 - 937396-1025
 - 937397-1025
 - 937398-1025
 - 937399-1025
 - 937400-1025
 - 937401-1025
 - 937402-1025
 - 937403-1025

=== 2025-10-23 05:00:07.696095 : Selesai dim_pasien.py ===

=== 2025-10-24 05:00:02.552247 : Mulai dim_pasien.py ===
25 baris diperbarui di dim_pasien (SCD Type 1):
 - 902869-0120
 - 903314-0320
 - 903550-0320
 - 903683-0420
 - 903684-0420
 - 907377-0121
 - 907615-0121
 - 907969-0121
 - 911631-0621
 - 920966-0622
 - 921677-0722
 - 925116-0223
 - 931428-0524
 - 934067-0125
 - 935416-0525
 - 937404-1025
 - 937405-1025
 - 937406-1025
 - 937407-1025
 - 937408-1025
 - 937409-1025
 - 937410-1025
 - 937411-1025
 - 937412-1025
 - 937414-1025

=== 2025-10-24 05:00:07.602227 : Selesai dim_pasien.py ===

=== 2025-10-25 05:00:02.908538 : Mulai dim_pasien.py ===
26 baris diperbarui di dim_pasien (SCD Type 1):
 - 903314-0320
 - 903550-0320
 - 903683-0420
 - 903684-0420
 - 907377-0121
 - 907969-0121
 - 911631-0621
 - 917175-0122
 - 917485-0222
 - 920966-0622
 - 925116-0223
 - 927059-0723
 - 928217-1023
 - 936760-0925
 - 937415-1025
 - 937416-1025
 - 937417-1025
 - 937418-1025
 - 937419-1025
 - 937420-1025
 - 937421-1025
 - 937422-1025
 - 937423-1025
 - 937424-1025
 - 937425-1025
 - 937426-1025

=== 2025-10-25 05:00:08.036992 : Selesai dim_pasien.py ===

=== 2025-10-26 05:00:03.160374 : Mulai dim_pasien.py ===
26 baris diperbarui di dim_pasien (SCD Type 1):
 - 903314-0320
 - 903550-0320
 - 903683-0420
 - 903684-0420
 - 907377-0121
 - 907969-0121
 - 909466-0421
 - 911631-0621
 - 920363-0522
 - 920966-0622
 - 925116-0223
 - 927967-0923
 - 934465-0225
 - 937427-1025
 - 937428-1025
 - 937429-1025
 - 937430-1025
 - 937431-1025
 - 937432-1025
 - 937433-1025
 - 937434-1025
 - 937435-1025
 - 937436-1025
 - 937437-1025
 - 937438-1025
 - 937439-1025

=== 2025-10-26 05:00:08.736801 : Selesai dim_pasien.py ===

=== 2025-10-27 05:00:02.646951 : Mulai dim_pasien.py ===
24 baris diperbarui di dim_pasien (SCD Type 1):
 - 903314-0320
 - 903550-0320
 - 903683-0420
 - 903684-0420
 - 907377-0121
 - 907969-0121
 - 911631-0621
 - 918083-0222
 - 920966-0622
 - 925116-0223
 - 931133-0424
 - 937428-1025
 - 937429-1025
 - 937432-1025
 - 937438-1025
 - 937440-1025
 - 937442-1025
 - 937443-1025
 - 937444-1025
 - 937445-1025
 - 937446-1025
 - 937447-1025
 - 937448-1025
 - 937449-1025

=== 2025-10-27 05:00:07.863759 : Selesai dim_pasien.py ===

=== 2025-10-28 05:00:02.845406 : Mulai dim_pasien.py ===
32 baris diperbarui di dim_pasien (SCD Type 1):
 - 903314-0320
 - 903550-0320
 - 903683-0420
 - 903684-0420
 - 907377-0121
 - 907969-0121
 - 910925-0621
 - 911631-0621
 - 915032-1121
 - 920265-0522
 - 920966-0622
 - 925116-0223
 - 932493-0824
 - 934479-0225
 - 935646-0525
 - 936970-0925
 - 937432-1025
 - 937443-1025
 - 937447-1025
 - 937450-1025
 - 937451-1025
 - 937453-1025
 - 937454-1025
 - 937455-1025
 - 937456-1025
 - 937457-1025
 - 937458-1025
 - 937459-1025
 - 937460-1025
 - 937461-1025
 - 937462-1025
 - 937463-1025

=== 2025-10-28 05:00:08.091562 : Selesai dim_pasien.py ===

=== 2025-10-29 05:00:02.848232 : Mulai dim_pasien.py ===
26 baris diperbarui di dim_pasien (SCD Type 1):
 - 903314-0320
 - 903550-0320
 - 903683-0420
 - 903684-0420
 - 907377-0121
 - 907969-0121
 - 911631-0621
 - 915625-1221
 - 920966-0622
 - 921056-0622
 - 923878-1122
 - 925116-0223
 - 936301-0725
 - 937353-1025
 - 937464-1025
 - 937465-1025
 - 937466-1025
 - 937467-1025
 - 937468-1025
 - 937469-1025
 - 937470-1025
 - 937471-1025
 - 937472-1025
 - 937473-1025
 - 937474-1025
 - 937475-1025

=== 2025-10-29 05:00:08.041139 : Selesai dim_pasien.py ===

=== 2025-10-30 05:00:03.378346 : Mulai dim_pasien.py ===
32 baris diperbarui di dim_pasien (SCD Type 1):
 - 903314-0320
 - 903550-0320
 - 903683-0420
 - 903684-0420
 - 907377-0121
 - 907969-0121
 - 911631-0621
 - 920966-0622
 - 923706-1122
 - 923843-1122
 - 925116-0223
 - 931287-0524
 - 937035-0925
 - 937365-1025
 - 937451-1025
 - 937468-1025
 - 937476-1025
 - 937477-1025
 - 937478-1025
 - 937479-1025
 - 937480-1025
 - 937481-1025
 - 937482-1025
 - 937483-1025
 - 937484-1025
 - 937485-1025
 - 937486-1025
 - 937487-1025
 - 937488-1025
 - 937489-1025
 - 937490-1025
 - 937491-1025

=== 2025-10-30 05:00:08.401580 : Selesai dim_pasien.py ===

=== 2025-10-31 05:00:03.128677 : Mulai dim_pasien.py ===
21 baris diperbarui di dim_pasien (SCD Type 1):
 - 903314-0320
 - 903550-0320
 - 903683-0420
 - 903684-0420
 - 907377-0121
 - 907969-0121
 - 911631-0621
 - 915665-1221
 - 920966-0622
 - 920970-0622
 - 922904-0922
 - 925116-0223
 - 937429-1025
 - 937483-1025
 - 937492-1025
 - 937493-1025
 - 937494-1025
 - 937495-1025
 - 937496-1025
 - 937497-1025
 - 937498-1025

=== 2025-10-31 05:00:08.078769 : Selesai dim_pasien.py ===

=== 2025-11-01 05:00:03.074394 : Mulai dim_pasien.py ===
23 baris diperbarui di dim_pasien (SCD Type 1):
 - 903314-0320
 - 903550-0320
 - 903683-0420
 - 903684-0420
 - 904663-0620
 - 907377-0121
 - 907969-0121
 - 911631-0621
 - 920966-0622
 - 925116-0223
 - 935927-0625
 - 937499-1025
 - 937500-1025
 - 937501-1025
 - 937502-1025
 - 937503-1025
 - 937504-1025
 - 937505-1025
 - 937506-1025
 - 937507-1025
 - 937508-1025
 - 937509-1125
 - 937510-1125

=== 2025-11-01 05:00:08.579043 : Selesai dim_pasien.py ===

=== 2025-11-02 05:00:03.026760 : Mulai dim_pasien.py ===
32 baris diperbarui di dim_pasien (SCD Type 1):
 - 903314-0320
 - 903329-0320
 - 903550-0320
 - 903683-0420
 - 903684-0420
 - 907377-0121
 - 907969-0121
 - 910440-0521
 - 911631-0621
 - 916972-0122
 - 919008-0322
 - 920966-0622
 - 922133-0822
 - 922312-0822
 - 925116-0223
 - 926776-0623
 - 937432-1025
 - 937503-1025
 - 937511-1125
 - 937512-1125
 - 937513-1125
 - 937514-1125
 - 937515-1125
 - 937516-1125
 - 937517-1125
 - 937518-1125
 - 937519-1125
 - 937520-1125
 - 937521-1125
 - 937522-1125
 - 937523-1125
 - 937524-1125

=== 2025-11-02 05:00:08.211400 : Selesai dim_pasien.py ===

=== 2025-11-03 05:00:03.057537 : Mulai dim_pasien.py ===
37 baris diperbarui di dim_pasien (SCD Type 1):
 - 900748-0321
 - 903314-0320
 - 903550-0320
 - 903683-0420
 - 903684-0420
 - 907377-0121
 - 907969-0121
 - 909417-0421
 - 911631-0621
 - 920966-0622
 - 925116-0223
 - 927290-0823
 - 931612-0624
 - 936482-0825
 - 936926-0925
 - 936974-0925
 - 937269-1025
 - 937513-1125
 - 937520-1125
 - 937521-1125
 - 937525-1125
 - 937526-1125
 - 937527-1125
 - 937528-1125
 - 937529-1125
 - 937530-1125
 - 937531-1125
 - 937532-1125
 - 937533-1125
 - 937534-1125
 - 937535-1125
 - 937536-1125
 - 937537-1125
 - 937538-1125
 - 937539-1125
 - 937540-1125
 - 937541-1125

=== 2025-11-03 05:00:08.149378 : Selesai dim_pasien.py ===

=== 2025-11-04 05:00:03.084585 : Mulai dim_pasien.py ===
28 baris diperbarui di dim_pasien (SCD Type 1):
 - 903314-0320
 - 903550-0320
 - 903683-0420
 - 903684-0420
 - 907377-0121
 - 907969-0121
 - 911631-0621
 - 920966-0622
 - 922133-0822
 - 925085-0223
 - 925116-0223
 - 934024-0125
 - 937525-1125
 - 937527-1125
 - 937542-1125
 - 937543-1125
 - 937544-1125
 - 937545-1125
 - 937546-1125
 - 937547-1125
 - 937548-1125
 - 937549-1125
 - 937550-1125
 - 937551-1125
 - 937552-1125
 - 937553-1125
 - 937554-1125
 - 937555-1125

=== 2025-11-04 05:00:08.286641 : Selesai dim_pasien.py ===

=== 2025-11-05 05:00:03.070805 : Mulai dim_pasien.py ===
26 baris diperbarui di dim_pasien (SCD Type 1):
 - 903314-0320
 - 903550-0320
 - 903683-0420
 - 903684-0420
 - 906959-1220
 - 907377-0121
 - 907847-0121
 - 907969-0121
 - 911631-0621
 - 911711-0621
 - 920966-0622
 - 925116-0223
 - 932800-0924
 - 937446-1025
 - 937545-1125
 - 937555-1125
 - 937556-1125
 - 937557-1125
 - 937558-1125
 - 937559-1125
 - 937560-1125
 - 937561-1125
 - 937562-1125
 - 937563-1125
 - 937564-1125
 - 937565-1125

=== 2025-11-05 05:00:08.171245 : Selesai dim_pasien.py ===
