
=== 2025-10-06 13:37:14.842098 : Mulai dim_labor.py ===
Tidak ada perubahan di dim_labor.

=== 2025-10-06 13:37:15.101629 : Selesai dim_labor.py ===

=== 2025-10-06 13:38:19.355652 : Mulai dim_labor.py ===
Tidak ada perubahan di dim_labor.

=== 2025-10-06 13:38:19.636712 : Selesai dim_labor.py ===

=== 2025-10-06 13:41:05.228356 : Mulai dim_labor.py ===
Tidak ada perubahan di dim_labor.

=== 2025-10-06 13:41:05.475149 : Selesai dim_labor.py ===

=== 2025-10-07 05:00:12.574670 : Mulai dim_labor.py ===
Tidak ada perubahan di dim_labor.

=== 2025-10-07 05:00:12.835464 : Selesai dim_labor.py ===

=== 2025-10-08 05:00:11.041497 : Mulai dim_labor.py ===
1 baris diperbarui di dim_labor (SCD Type 1):
 - LAB00083

=== 2025-10-08 05:00:11.326005 : Selesai dim_labor.py ===

=== 2025-10-09 05:00:09.760913 : Mulai dim_labor.py ===
Tidak ada perubahan di dim_labor.

=== 2025-10-09 05:00:10.006460 : Selesai dim_labor.py ===

=== 2025-10-10 05:00:10.941170 : Mulai dim_labor.py ===
Tidak ada perubahan di dim_labor.

=== 2025-10-10 05:00:11.190759 : Selesai dim_labor.py ===

=== 2025-10-11 05:00:09.915409 : Mulai dim_labor.py ===
Tidak ada perubahan di dim_labor.

=== 2025-10-11 05:00:10.164776 : Selesai dim_labor.py ===

=== 2025-10-12 05:00:09.740736 : Mulai dim_labor.py ===
Tidak ada perubahan di dim_labor.

=== 2025-10-12 05:00:09.980478 : Selesai dim_labor.py ===

=== 2025-10-13 05:00:10.058117 : Mulai dim_labor.py ===
Tidak ada perubahan di dim_labor.

=== 2025-10-13 05:00:10.328276 : Selesai dim_labor.py ===

=== 2025-10-14 05:00:09.783269 : Mulai dim_labor.py ===
1 baris diperbarui di dim_labor (SCD Type 1):
 - LAB00084

=== 2025-10-14 05:00:10.031083 : Selesai dim_labor.py ===

=== 2025-10-15 05:00:10.846789 : Mulai dim_labor.py ===
Tidak ada perubahan di dim_labor.

=== 2025-10-15 05:00:11.151625 : Selesai dim_labor.py ===

=== 2025-10-16 05:00:10.295653 : Mulai dim_labor.py ===
Tidak ada perubahan di dim_labor.

=== 2025-10-16 05:00:10.581415 : Selesai dim_labor.py ===

=== 2025-10-17 05:00:09.884517 : Mulai dim_labor.py ===
Tidak ada perubahan di dim_labor.

=== 2025-10-17 05:00:10.102482 : Selesai dim_labor.py ===

=== 2025-10-18 05:00:10.130079 : Mulai dim_labor.py ===
Tidak ada perubahan di dim_labor.

=== 2025-10-18 05:00:10.388456 : Selesai dim_labor.py ===

=== 2025-10-19 05:00:09.766729 : Mulai dim_labor.py ===
Tidak ada perubahan di dim_labor.

=== 2025-10-19 05:00:09.995531 : Selesai dim_labor.py ===

=== 2025-10-20 05:00:09.785318 : Mulai dim_labor.py ===
Tidak ada perubahan di dim_labor.

=== 2025-10-20 05:00:10.027566 : Selesai dim_labor.py ===

=== 2025-10-21 05:00:09.925441 : Mulai dim_labor.py ===
Tidak ada perubahan di dim_labor.

=== 2025-10-21 05:00:10.174000 : Selesai dim_labor.py ===

=== 2025-10-22 05:00:11.862783 : Mulai dim_labor.py ===
Tidak ada perubahan di dim_labor.

=== 2025-10-22 05:00:12.098687 : Selesai dim_labor.py ===

=== 2025-10-23 05:00:10.104080 : Mulai dim_labor.py ===
Tidak ada perubahan di dim_labor.

=== 2025-10-23 05:00:10.423912 : Selesai dim_labor.py ===

=== 2025-10-24 05:00:09.904398 : Mulai dim_labor.py ===
Tidak ada perubahan di dim_labor.

=== 2025-10-24 05:00:10.142749 : Selesai dim_labor.py ===

=== 2025-10-25 05:00:10.248517 : Mulai dim_labor.py ===
Tidak ada perubahan di dim_labor.

=== 2025-10-25 05:00:10.462245 : Selesai dim_labor.py ===

=== 2025-10-26 05:00:11.119214 : Mulai dim_labor.py ===
Tidak ada perubahan di dim_labor.

=== 2025-10-26 05:00:11.342138 : Selesai dim_labor.py ===

=== 2025-10-27 05:00:10.153288 : Mulai dim_labor.py ===
Tidak ada perubahan di dim_labor.

=== 2025-10-27 05:00:10.371252 : Selesai dim_labor.py ===

=== 2025-10-28 05:00:10.898177 : Mulai dim_labor.py ===
Tidak ada perubahan di dim_labor.

=== 2025-10-28 05:00:11.144509 : Selesai dim_labor.py ===

=== 2025-10-29 05:00:11.796783 : Mulai dim_labor.py ===
Tidak ada perubahan di dim_labor.

=== 2025-10-29 05:00:12.027005 : Selesai dim_labor.py ===

=== 2025-10-30 05:00:10.581483 : Mulai dim_labor.py ===
Tidak ada perubahan di dim_labor.

=== 2025-10-30 05:00:10.801453 : Selesai dim_labor.py ===

=== 2025-10-31 05:00:10.176050 : Mulai dim_labor.py ===
Tidak ada perubahan di dim_labor.

=== 2025-10-31 05:00:10.378314 : Selesai dim_labor.py ===

=== 2025-11-01 05:00:12.726265 : Mulai dim_labor.py ===
Tidak ada perubahan di dim_labor.

=== 2025-11-01 05:00:12.991016 : Selesai dim_labor.py ===

=== 2025-11-02 05:00:10.736795 : Mulai dim_labor.py ===
Tidak ada perubahan di dim_labor.

=== 2025-11-02 05:00:10.985017 : Selesai dim_labor.py ===

=== 2025-11-03 05:00:11.962616 : Mulai dim_labor.py ===
Tidak ada perubahan di dim_labor.

=== 2025-11-03 05:00:12.208023 : Selesai dim_labor.py ===

=== 2025-11-04 05:00:10.570222 : Mulai dim_labor.py ===
Tidak ada perubahan di dim_labor.

=== 2025-11-04 05:00:10.828459 : Selesai dim_labor.py ===

=== 2025-11-05 05:00:10.424320 : Mulai dim_labor.py ===
Tidak ada perubahan di dim_labor.

=== 2025-11-05 05:00:10.665799 : Selesai dim_labor.py ===
