
=== 2025-10-06 13:37:14.250159 : Mulai dim_alkes.py ===
1 baris diperbarui di dim_alkes (SCD Type 1):
 - B000009391

=== 2025-10-06 13:37:14.841702 : Selesai dim_alkes.py ===

=== 2025-10-06 13:38:18.714103 : Mulai dim_alkes.py ===
Tidak ada perubahan di dim_alkes.

=== 2025-10-06 13:38:19.355341 : Selesai dim_alkes.py ===

=== 2025-10-06 13:41:04.627686 : Mulai dim_alkes.py ===
Tidak ada perubahan di dim_alkes.

=== 2025-10-06 13:41:05.227954 : Selesai dim_alkes.py ===

=== 2025-10-07 05:00:12.033940 : Mulai dim_alkes.py ===
Tidak ada perubahan di dim_alkes.

=== 2025-10-07 05:00:12.574350 : Selesai dim_alkes.py ===

=== 2025-10-08 05:00:10.477826 : Mulai dim_alkes.py ===
1 baris diperbarui di dim_alkes (SCD Type 1):
 - B000008227

=== 2025-10-08 05:00:11.040986 : Selesai dim_alkes.py ===

=== 2025-10-09 05:00:09.218871 : Mulai dim_alkes.py ===
1 baris diperbarui di dim_alkes (SCD Type 1):
 - B000009392

=== 2025-10-09 05:00:09.760442 : Selesai dim_alkes.py ===

=== 2025-10-10 05:00:10.387106 : Mulai dim_alkes.py ===
1 baris diperbarui di dim_alkes (SCD Type 1):
 - B000009393

=== 2025-10-10 05:00:10.940677 : Selesai dim_alkes.py ===

=== 2025-10-11 05:00:09.385187 : Mulai dim_alkes.py ===
Tidak ada perubahan di dim_alkes.

=== 2025-10-11 05:00:09.914883 : Selesai dim_alkes.py ===

=== 2025-10-12 05:00:09.209878 : Mulai dim_alkes.py ===
Tidak ada perubahan di dim_alkes.

=== 2025-10-12 05:00:09.740226 : Selesai dim_alkes.py ===

=== 2025-10-13 05:00:09.538647 : Mulai dim_alkes.py ===
Tidak ada perubahan di dim_alkes.

=== 2025-10-13 05:00:10.057672 : Selesai dim_alkes.py ===

=== 2025-10-14 05:00:09.256076 : Mulai dim_alkes.py ===
Tidak ada perubahan di dim_alkes.

=== 2025-10-14 05:00:09.782687 : Selesai dim_alkes.py ===

=== 2025-10-15 05:00:10.256435 : Mulai dim_alkes.py ===
Tidak ada perubahan di dim_alkes.

=== 2025-10-15 05:00:10.846214 : Selesai dim_alkes.py ===

=== 2025-10-16 05:00:09.719751 : Mulai dim_alkes.py ===
Tidak ada perubahan di dim_alkes.

=== 2025-10-16 05:00:10.295173 : Selesai dim_alkes.py ===

=== 2025-10-17 05:00:09.353635 : Mulai dim_alkes.py ===
Tidak ada perubahan di dim_alkes.

=== 2025-10-17 05:00:09.884024 : Selesai dim_alkes.py ===

=== 2025-10-18 05:00:09.606900 : Mulai dim_alkes.py ===
3 baris diperbarui di dim_alkes (SCD Type 1):
 - B000009394
 - B000009395
 - B000009396

=== 2025-10-18 05:00:10.129761 : Selesai dim_alkes.py ===

=== 2025-10-19 05:00:09.242882 : Mulai dim_alkes.py ===
1 baris diperbarui di dim_alkes (SCD Type 1):
 - B000009397

=== 2025-10-19 05:00:09.766476 : Selesai dim_alkes.py ===

=== 2025-10-20 05:00:09.262030 : Mulai dim_alkes.py ===
Tidak ada perubahan di dim_alkes.

=== 2025-10-20 05:00:09.785071 : Selesai dim_alkes.py ===

=== 2025-10-21 05:00:09.412958 : Mulai dim_alkes.py ===
Tidak ada perubahan di dim_alkes.

=== 2025-10-21 05:00:09.925184 : Selesai dim_alkes.py ===

=== 2025-10-22 05:00:11.341583 : Mulai dim_alkes.py ===
Tidak ada perubahan di dim_alkes.

=== 2025-10-22 05:00:11.862520 : Selesai dim_alkes.py ===

=== 2025-10-23 05:00:09.531513 : Mulai dim_alkes.py ===
Tidak ada perubahan di dim_alkes.

=== 2025-10-23 05:00:10.103792 : Selesai dim_alkes.py ===

=== 2025-10-24 05:00:09.374433 : Mulai dim_alkes.py ===
Tidak ada perubahan di dim_alkes.

=== 2025-10-24 05:00:09.903945 : Selesai dim_alkes.py ===

=== 2025-10-25 05:00:09.727370 : Mulai dim_alkes.py ===
Tidak ada perubahan di dim_alkes.

=== 2025-10-25 05:00:10.247996 : Selesai dim_alkes.py ===

=== 2025-10-26 05:00:10.570870 : Mulai dim_alkes.py ===
Tidak ada perubahan di dim_alkes.

=== 2025-10-26 05:00:11.118625 : Selesai dim_alkes.py ===

=== 2025-10-27 05:00:09.621668 : Mulai dim_alkes.py ===
Tidak ada perubahan di dim_alkes.

=== 2025-10-27 05:00:10.152710 : Selesai dim_alkes.py ===

=== 2025-10-28 05:00:10.373421 : Mulai dim_alkes.py ===
Tidak ada perubahan di dim_alkes.

=== 2025-10-28 05:00:10.897597 : Selesai dim_alkes.py ===

=== 2025-10-29 05:00:10.949199 : Mulai dim_alkes.py ===
1 baris diperbarui di dim_alkes (SCD Type 1):
 - B000009398

=== 2025-10-29 05:00:11.796227 : Selesai dim_alkes.py ===

=== 2025-10-30 05:00:10.033777 : Mulai dim_alkes.py ===
1 baris diperbarui di dim_alkes (SCD Type 1):
 - B000009399

=== 2025-10-30 05:00:10.580973 : Selesai dim_alkes.py ===

=== 2025-10-31 05:00:09.664191 : Mulai dim_alkes.py ===
Tidak ada perubahan di dim_alkes.

=== 2025-10-31 05:00:10.175544 : Selesai dim_alkes.py ===

=== 2025-11-01 05:00:12.086944 : Mulai dim_alkes.py ===
Tidak ada perubahan di dim_alkes.

=== 2025-11-01 05:00:12.669466 : Selesai dim_alkes.py ===

=== 2025-11-02 05:00:10.185841 : Mulai dim_alkes.py ===
Tidak ada perubahan di dim_alkes.

=== 2025-11-02 05:00:10.736306 : Selesai dim_alkes.py ===

=== 2025-11-03 05:00:11.379880 : Mulai dim_alkes.py ===
1 baris diperbarui di dim_alkes (SCD Type 1):
 - B000009400

=== 2025-11-03 05:00:11.962142 : Selesai dim_alkes.py ===

=== 2025-11-04 05:00:10.046855 : Mulai dim_alkes.py ===
2 baris diperbarui di dim_alkes (SCD Type 1):
 - B00000804900
 - B000008930

=== 2025-11-04 05:00:10.569722 : Selesai dim_alkes.py ===

=== 2025-11-05 05:00:09.859994 : Mulai dim_alkes.py ===
Tidak ada perubahan di dim_alkes.

=== 2025-11-05 05:00:10.423859 : Selesai dim_alkes.py ===
